<?xml version="1.0" encoding="UTF-8"?>
<!-- Generated by org.testng.reporters.JUnitXMLReporter -->
<testsuite ignored="0" hostname="swaroopreddy" failures="0" tests="10" name="Test" time="0.356" errors="0" timestamp="2023-08-21T15:36:23 IST">
  <testcase classname="com.demo.hyr.newtest1" name="test10" time="0.015"/>
  <testcase classname="com.demo.hyr.newtest1" name="test5" time="0.004"/>
  <testcase classname="com.demo.hyr.newtest1" name="test6" time="0.003"/>
  <testcase classname="com.demo.hyr.newtest1" name="test7" time="0.003"/>
  <testcase classname="com.demo.hyr.newtest1" name="test8" time="0.003"/>
  <testcase classname="com.demo.hyr.newtest1" name="test9" time="0.048"/>
  <testcase classname="com.demo.hyr.newtest" name="test1" time="0.011"/>
  <testcase classname="com.demo.hyr.newtest" name="test2" time="0.008"/>
  <testcase classname="com.demo.hyr.newtest" name="test3" time="0.011"/>
  <testcase classname="com.demo.hyr.newtest" name="test4" time="0.006"/>
</testsuite> <!-- Test -->
