<?xml version="1.0" encoding="UTF-8"?>
<!-- Generated by org.testng.reporters.JUnitXMLReporter -->
<testsuite ignored="0" hostname="swaroopreddy" failures="0" tests="6" name="Test3" time="0.399" errors="0" timestamp="2023-08-21T16:04:01 IST">
  <testcase classname="com.demo.hyr.newtest2" name="test11" time="0.029"/>
  <testcase classname="com.demo.hyr.newtest2" name="test12" time="0.007"/>
  <testcase classname="com.demo.hyr.newtest2" name="test13" time="0.112"/>
  <testcase classname="com.demo.hyr.newtest2" name="test14" time="0.004"/>
  <testcase classname="com.demo.hyr.newtest2" name="test15" time="0.002"/>
  <testcase classname="com.demo.hyr.newtest2" name="test16" time="0.004"/>
</testsuite> <!-- Test3 -->
