<?xml version="1.0" encoding="UTF-8"?>
<!-- Generated by org.testng.reporters.JUnitXMLReporter -->
<testsuite ignored="0" hostname="swaroopreddy" failures="0" tests="6" name="Test1" time="0.347" errors="0" timestamp="2023-08-21T16:04:01 IST">
  <testcase classname="com.demo.hyr.newtest1" name="test10" time="0.035"/>
  <testcase classname="com.demo.hyr.newtest1" name="test5" time="0.013"/>
  <testcase classname="com.demo.hyr.newtest1" name="test6" time="0.029"/>
  <testcase classname="com.demo.hyr.newtest1" name="test7" time="0.004"/>
  <testcase classname="com.demo.hyr.newtest1" name="test8" time="0.046"/>
  <testcase classname="com.demo.hyr.newtest1" name="test9" time="0.006"/>
</testsuite> <!-- Test1 -->
