<?xml version="1.0" encoding="UTF-8"?>
<!-- Generated by org.testng.reporters.JUnitXMLReporter -->
<testsuite ignored="5" hostname="swaroopreddy" failures="0" tests="0" time="0.025" errors="0" timestamp="2023-08-21T12:06:27 IST">
  <testcase classname="com.demo.hyr.newtest1" name="test7" time="0.0">
    <ignored/>
  </testcase> <!-- test7 -->
  <testcase classname="com.demo.hyr.newtest1" name="test6" time="0.0">
    <ignored/>
  </testcase> <!-- test6 -->
  <testcase classname="com.demo.hyr.newtest1" name="test9" time="0.0">
    <ignored/>
  </testcase> <!-- test9 -->
  <testcase classname="com.demo.hyr.newtest1" name="test8" time="0.0">
    <ignored/>
  </testcase> <!-- test8 -->
  <testcase classname="com.demo.hyr.newtest1" name="test5" time="0.0">
    <ignored/>
  </testcase> <!-- test5 -->
</testsuite>
