<?xml version="1.0" encoding="UTF-8"?>
<!-- Generated by org.testng.reporters.JUnitXMLReporter -->
<testsuite ignored="4" hostname="swaroopreddy" failures="0" tests="0" time="0.006" errors="0" timestamp="2023-08-21T12:06:02 IST">
  <testcase classname="com.demo.hyr.newtest" name="test4" time="0.0">
    <ignored/>
  </testcase> <!-- test4 -->
  <testcase classname="com.demo.hyr.newtest" name="test3" time="0.0">
    <ignored/>
  </testcase> <!-- test3 -->
  <testcase classname="com.demo.hyr.newtest" name="test2" time="0.0">
    <ignored/>
  </testcase> <!-- test2 -->
  <testcase classname="com.demo.hyr.newtest" name="test1" time="0.0">
    <ignored/>
  </testcase> <!-- test1 -->
</testsuite>
