<?xml version="1.0" encoding="UTF-8"?>
<!-- Generated by org.testng.reporters.JUnitXMLReporter -->
<testsuite ignored="0" hostname="swaroopreddy" failures="0" tests="4" name="Test2" time="0.345" errors="0" timestamp="2023-08-21T16:04:01 IST">
  <testcase classname="com.demo.hyr.newtest" name="test1" time="0.033"/>
  <testcase classname="com.demo.hyr.newtest" name="test2" time="0.039"/>
  <testcase classname="com.demo.hyr.newtest" name="test3" time="0.015"/>
  <testcase classname="com.demo.hyr.newtest" name="test4" time="0.003"/>
</testsuite> <!-- Test2 -->
