<?xml version="1.0" encoding="UTF-8"?>
<!-- Generated by org.testng.reporters.JUnitXMLReporter -->
<testsuite ignored="3" hostname="swaroopreddy" failures="0" tests="3" name="navigateOrangehrmmyifo" time="42.439" errors="0" timestamp="2023-08-19T18:14:03 IST">
  <testcase classname="com.hyr.Test.orangeHrm" name="LanchApp" time="15.338"/>
  <testcase classname="com.hyr.Test.orangeHrm" name="LoginDetails" time="12.132"/>
  <testcase classname="com.hyr.Test.orangeHrm" name="Navigatetomyinfo" time="14.954"/>
  <testcase classname="com.hyr.Test.orangeHrm" name="Google" time="0.0">
    <ignored/>
  </testcase> <!-- Google -->
  <testcase classname="com.hyr.Test.orangeHrm" name="verifylogout" time="0.0">
    <ignored/>
  </testcase> <!-- verifylogout -->
  <testcase classname="com.hyr.Test.orangeHrm" name="Facebook" time="0.0">
    <ignored/>
  </testcase> <!-- Facebook -->
</testsuite> <!-- navigateOrangehrmmyifo -->
