<?xml version="1.0" encoding="UTF-8"?>
<!-- Generated by org.testng.reporters.JUnitXMLReporter -->
<testsuite ignored="4" hostname="swaroopreddy" failures="0" tests="2" name="Orangehrmlogin" time="24.096" errors="0" timestamp="2023-08-19T18:13:20 IST">
  <testcase classname="com.hyr.Test.orangeHrm" name="LanchApp" time="12.394"/>
  <testcase classname="com.hyr.Test.orangeHrm" name="LoginDetails" time="11.613"/>
  <testcase classname="com.hyr.Test.orangeHrm" name="Facebook" time="0.0">
    <ignored/>
  </testcase> <!-- Facebook -->
  <testcase classname="com.hyr.Test.orangeHrm" name="Google" time="0.0">
    <ignored/>
  </testcase> <!-- Google -->
  <testcase classname="com.hyr.Test.orangeHrm" name="verifylogout" time="0.0">
    <ignored/>
  </testcase> <!-- verifylogout -->
  <testcase classname="com.hyr.Test.orangeHrm" name="Navigatetomyinfo" time="0.0">
    <ignored/>
  </testcase> <!-- Navigatetomyinfo -->
</testsuite> <!-- Orangehrmlogin -->
