<?xml version="1.0" encoding="UTF-8"?>
<!-- Generated by org.testng.reporters.JUnitXMLReporter -->
<testsuite ignored="5" hostname="swaroopreddy" failures="0" tests="1" name="Testgoogle" time="20.935" errors="0" timestamp="2023-08-19T18:14:24 IST">
  <testcase classname="com.hyr.Test.orangeHrm" name="Google" time="20.929"/>
  <testcase classname="com.hyr.Test.orangeHrm" name="Navigatetomyinfo" time="0.0">
    <ignored/>
  </testcase> <!-- Navigatetomyinfo -->
  <testcase classname="com.hyr.Test.orangeHrm" name="verifylogout" time="0.0">
    <ignored/>
  </testcase> <!-- verifylogout -->
  <testcase classname="com.hyr.Test.orangeHrm" name="LoginDetails" time="0.0">
    <ignored/>
  </testcase> <!-- LoginDetails -->
  <testcase classname="com.hyr.Test.orangeHrm" name="Facebook" time="0.0">
    <ignored/>
  </testcase> <!-- Facebook -->
  <testcase classname="com.hyr.Test.orangeHrm" name="LanchApp" time="0.0">
    <ignored/>
  </testcase> <!-- LanchApp -->
</testsuite> <!-- Testgoogle -->
